Detecting C [-std=c11] compiler features failed to compile with the following output:
Change Dir: /Users/Kleinman/Documents/Programming/C:C++/WebHookServer/cmake-build-debug/CMakeFiles/CMakeTmp

Run Build Command:"/usr/bin/make" "cmTC_2372d/fast"
/Applications/Xcode.app/Contents/Developer/usr/bin/make -f CMakeFiles/cmTC_2372d.dir/build.make CMakeFiles/cmTC_2372d.dir/build
CMakeFiles/cmTC_2372d.dir/build.make:64: *** target pattern contains no `%'.  Stop.
make: *** [cmTC_2372d/fast] Error 2



Detecting CXX [-std=c++1z] compiler features failed to compile with the following output:
Change Dir: /Users/Kleinman/Documents/Programming/C:C++/WebHookServer/cmake-build-debug/CMakeFiles/CMakeTmp

Run Build Command:"/usr/bin/make" "cmTC_7b718/fast"
/Applications/Xcode.app/Contents/Developer/usr/bin/make -f CMakeFiles/cmTC_7b718.dir/build.make CMakeFiles/cmTC_7b718.dir/build
CMakeFiles/cmTC_7b718.dir/build.make:64: *** target pattern contains no `%'.  Stop.
make: *** [cmTC_7b718/fast] Error 2



